Build started 11/4/2013 7:34:05 PM.
     1>Project "C:\Users\hallowlt\JeopardyCar\program6\program5.vcxproj" on node 2 (Build target(s)).
     1>ClCompile:
         C:\Program Files\Microsoft Visual Studio 11.0\VC\bin\CL.exe /c /IC:\Users\hallowlt\JeopardyCar\program6\\include /ZI /nologo /W3 /WX- /Od /Oy- /D SFML_DYNAMIC /D WIN32 /D _DEBUG /D _CONSOLE /D _UNICODE /D UNICODE /Gm /EHsc /RTC1 /MDd /GS /fp:precise /Zc:wchar_t /Zc:forScope /Fo"Debug\\" /Fd"Debug\vc110.pdb" /Gd /TP /analyze- /errorReport:prompt program5.cpp
         program5.cpp
     1>c:\users\hallowlt\jeopardycar\program6\shadermanager.h(49): warning C4996: '_snprintf': This function or variable may be unsafe. Consider using _snprintf_s instead. To disable deprecation, use _CRT_SECURE_NO_WARNINGS. See online help for details.
                 c:\program files\microsoft visual studio 11.0\vc\include\stdio.h(349) : see declaration of '_snprintf'
     1>c:\users\hallowlt\jeopardycar\program6\shadermanager.h(51): warning C4996: '_snprintf': This function or variable may be unsafe. Consider using _snprintf_s instead. To disable deprecation, use _CRT_SECURE_NO_WARNINGS. See online help for details.
                 c:\program files\microsoft visual studio 11.0\vc\include\stdio.h(349) : see declaration of '_snprintf'
     1>c:\users\hallowlt\jeopardycar\program6\shadermanager.h(156): warning C4996: 'fopen': This function or variable may be unsafe. Consider using fopen_s instead. To disable deprecation, use _CRT_SECURE_NO_WARNINGS. See online help for details.
                 c:\program files\microsoft visual studio 11.0\vc\include\stdio.h(218) : see declaration of 'fopen'
     1>c:\users\hallowlt\jeopardycar\program6\mazemodel.h(25): warning C4305: 'initializing' : truncation from 'double' to 'float'
     1>c:\users\hallowlt\jeopardycar\program6\renderengine.h(272): warning C4305: '=' : truncation from 'double' to 'float'
     1>c:\users\hallowlt\jeopardycar\program6\renderengine.h(273): warning C4305: '=' : truncation from 'double' to 'float'
     1>c:\users\hallowlt\jeopardycar\program6\renderengine.h(274): warning C4305: '=' : truncation from 'double' to 'float'
     1>c:\users\hallowlt\jeopardycar\program6\renderengine.h(283): warning C4305: '=' : truncation from 'double' to 'float'
     1>c:\users\hallowlt\jeopardycar\program6\renderengine.h(284): warning C4305: '=' : truncation from 'double' to 'float'
     1>c:\users\hallowlt\jeopardycar\program6\renderengine.h(285): warning C4305: '=' : truncation from 'double' to 'float'
     1>c:\users\hallowlt\jeopardycar\program6\program5.cpp(107): warning C4996: 'fopen': This function or variable may be unsafe. Consider using fopen_s instead. To disable deprecation, use _CRT_SECURE_NO_WARNINGS. See online help for details.
                 c:\program files\microsoft visual studio 11.0\vc\include\stdio.h(218) : see declaration of 'fopen'
       Link:
         C:\Program Files\Microsoft Visual Studio 11.0\VC\bin\link.exe /ERRORREPORT:PROMPT /OUT:"C:\Users\hallowlt\JeopardyCar\program6\Debug\program5.exe" /INCREMENTAL /NOLOGO /LIBPATH:C:\Users\hallowlt\JeopardyCar\program6\\lib "sfml-system.lib" "sfml-window.lib" opengl32.lib glu32.lib kernel32.lib user32.lib gdi32.lib winspool.lib comdlg32.lib advapi32.lib shell32.lib ole32.lib oleaut32.lib uuid.lib odbc32.lib odbccp32.lib /MANIFEST /MANIFESTUAC:"level='asInvoker' uiAccess='false'" /manifest:embed /DEBUG /PDB:"C:\Users\hallowlt\JeopardyCar\program6\Debug\program5.pdb" /SUBSYSTEM:CONSOLE /TLBID:1 /DYNAMICBASE:NO /IMPLIB:"C:\Users\hallowlt\JeopardyCar\program6\Debug\program5.lib" /MACHINE:X86 /SAFESEH Debug\glew.obj
         Debug\program5.obj
         program5.vcxproj -> C:\Users\hallowlt\JeopardyCar\program6\Debug\program5.exe
     1>Done Building Project "C:\Users\hallowlt\JeopardyCar\program6\program5.vcxproj" (Build target(s)).

Build succeeded.

Time Elapsed 00:00:03.89
